[debug] [2020-01-27T06:29:16.550Z] ----------------------------------------------------------------------
[debug] [2020-01-27T06:29:16.553Z] Command:       C:\Program Files\nodejs\node.exe C:\Users\HP\AppData\Roaming\npm\node_modules\firebase-tools\lib\bin\firebase.js serve
[debug] [2020-01-27T06:29:16.553Z] CLI Version:   7.12.1
[debug] [2020-01-27T06:29:16.554Z] Platform:      win32
[debug] [2020-01-27T06:29:16.554Z] Node Version:  v10.16.3
[debug] [2020-01-27T06:29:16.555Z] Time:          Mon Jan 27 2020 11:59:16 GMT+0530 (India Standard Time)
[debug] [2020-01-27T06:29:16.555Z] ----------------------------------------------------------------------
[debug] [2020-01-27T06:29:16.555Z] 
[debug] [2020-01-27T06:29:16.574Z] > command requires scopes: ["email","openid","https://www.googleapis.com/auth/cloudplatformprojects.readonly","https://www.googleapis.com/auth/firebase","https://www.googleapis.com/auth/cloud-platform"]
[debug] [2020-01-27T06:29:16.576Z] > authorizing via signed-in user
[debug] [2020-01-27T06:29:16.576Z] [iam] checking project suigenerisapp for permissions ["firebase.projects.get"]
[debug] [2020-01-27T06:29:16.578Z] >>> HTTP REQUEST POST https://cloudresourcemanager.googleapis.com/v1/projects/suigenerisapp:testIamPermissions  

[debug] [2020-01-27T06:29:17.159Z] <<< HTTP RESPONSE 200
[debug] [2020-01-27T06:29:17.162Z] >>> HTTP REQUEST GET https://firebase.googleapis.com/v1beta1/projects/suigenerisapp  
 
[debug] [2020-01-27T06:29:17.707Z] <<< HTTP RESPONSE 200
[info] 
[info] === Serving from 'G:\Projects\protovision'...
[info] 
[debug] [2020-01-27T06:29:17.714Z] >>> HTTP REQUEST GET https://firebase.googleapis.com/v1beta1/projects/suigenerisapp/webApps/-/config  
 
[debug] [2020-01-27T06:29:18.807Z] <<< HTTP RESPONSE 200
[info] i  hosting: Serving hosting files from: public
[info] +  hosting: Local server: http://localhost:5000
